0 info it worked if it ends with ok
1 verbose cli [ '/home/jacques/.nvm/v0.10.12/bin/node',
1 verbose cli   '/home/jacques/.nvm/v0.10.12/bin/npm',
1 verbose cli   'install' ]
2 info using npm@1.2.32
3 info using node@v0.10.12
4 verbose read json /home/jacques/Workspace/mySites/chezjacking/package.json
5 warn package.json node-example@0.0.1 No repository field.
6 warn package.json node-example@0.0.1 No readme data.
7 verbose readDependencies using package.json deps
8 verbose install where, deps [ '/home/jacques/Workspace/mySites/chezjacking',
8 verbose install   [ 'express',
8 verbose install     'http',
8 verbose install     'https',
8 verbose install     'coffee-script',
8 verbose install     'markdown-js',
8 verbose install     'connect-assets',
8 verbose install     'jade',
8 verbose install     'stylus',
8 verbose install     'bootstrap-stylus',
8 verbose install     'redis' ] ]
9 verbose from cache /home/jacques/Workspace/mySites/chezjacking/package.json
10 info preinstall node-example@0.0.1
11 verbose read json /home/jacques/Workspace/mySites/chezjacking/node_modules/async/package.json
12 verbose read json /home/jacques/Workspace/mySites/chezjacking/node_modules/bootstrap-stylus/package.json
13 verbose read json /home/jacques/Workspace/mySites/chezjacking/node_modules/coffee-script/package.json
14 verbose read json /home/jacques/Workspace/mySites/chezjacking/node_modules/connect-assets/package.json
15 verbose read json /home/jacques/Workspace/mySites/chezjacking/node_modules/express/package.json
16 verbose read json /home/jacques/Workspace/mySites/chezjacking/node_modules/jade/package.json
17 verbose read json /home/jacques/Workspace/mySites/chezjacking/node_modules/markdown-js/package.json
18 verbose read json /home/jacques/Workspace/mySites/chezjacking/node_modules/path/package.json
19 verbose read json /home/jacques/Workspace/mySites/chezjacking/node_modules/pg/package.json
20 verbose read json /home/jacques/Workspace/mySites/chezjacking/node_modules/redis/package.json
21 verbose read json /home/jacques/Workspace/mySites/chezjacking/node_modules/sequelize/package.json
22 verbose read json /home/jacques/Workspace/mySites/chezjacking/node_modules/stylus/package.json
23 verbose from cache /home/jacques/Workspace/mySites/chezjacking/package.json
24 verbose readDependencies using package.json deps
25 verbose from cache /home/jacques/Workspace/mySites/chezjacking/node_modules/async/package.json
26 verbose from cache /home/jacques/Workspace/mySites/chezjacking/node_modules/bootstrap-stylus/package.json
27 verbose from cache /home/jacques/Workspace/mySites/chezjacking/node_modules/coffee-script/package.json
28 verbose from cache /home/jacques/Workspace/mySites/chezjacking/node_modules/connect-assets/package.json
29 verbose from cache /home/jacques/Workspace/mySites/chezjacking/node_modules/express/package.json
30 verbose from cache /home/jacques/Workspace/mySites/chezjacking/node_modules/jade/package.json
31 verbose from cache /home/jacques/Workspace/mySites/chezjacking/node_modules/markdown-js/package.json
32 verbose from cache /home/jacques/Workspace/mySites/chezjacking/node_modules/path/package.json
33 verbose from cache /home/jacques/Workspace/mySites/chezjacking/node_modules/pg/package.json
34 verbose from cache /home/jacques/Workspace/mySites/chezjacking/node_modules/redis/package.json
35 verbose from cache /home/jacques/Workspace/mySites/chezjacking/node_modules/sequelize/package.json
36 verbose from cache /home/jacques/Workspace/mySites/chezjacking/node_modules/stylus/package.json
37 verbose already installed skipping markdown-js@* /home/jacques/Workspace/mySites/chezjacking
38 verbose cache add [ 'https@*', null ]
39 verbose cache add name=undefined spec="https@*" args=["https@*",null]
40 verbose parsed url { protocol: null,
40 verbose parsed url   slashes: null,
40 verbose parsed url   auth: null,
40 verbose parsed url   host: null,
40 verbose parsed url   port: null,
40 verbose parsed url   hostname: null,
40 verbose parsed url   hash: null,
40 verbose parsed url   search: null,
40 verbose parsed url   query: null,
40 verbose parsed url   pathname: 'https@*',
40 verbose parsed url   path: 'https@*',
40 verbose parsed url   href: 'https@*' }
41 verbose cache add name="https" spec="*" args=["https","*"]
42 verbose parsed url { protocol: null,
42 verbose parsed url   slashes: null,
42 verbose parsed url   auth: null,
42 verbose parsed url   host: null,
42 verbose parsed url   port: null,
42 verbose parsed url   hostname: null,
42 verbose parsed url   hash: null,
42 verbose parsed url   search: null,
42 verbose parsed url   query: null,
42 verbose parsed url   pathname: '*',
42 verbose parsed url   path: '*',
42 verbose parsed url   href: '*' }
43 verbose addNamed [ 'https', '*' ]
44 verbose addNamed [ null, '' ]
45 verbose already installed skipping coffee-script@>=1.1.3 /home/jacques/Workspace/mySites/chezjacking
46 verbose already installed skipping connect-assets@* /home/jacques/Workspace/mySites/chezjacking
47 verbose already installed skipping jade@* /home/jacques/Workspace/mySites/chezjacking
48 silly lockFile 24e5113e-https https@*
49 verbose lock https@* /home/jacques/.npm/24e5113e-https.lock
50 verbose already installed skipping stylus@* /home/jacques/Workspace/mySites/chezjacking
51 verbose already installed skipping bootstrap-stylus@* /home/jacques/Workspace/mySites/chezjacking
52 verbose already installed skipping express@3.1.x /home/jacques/Workspace/mySites/chezjacking
53 verbose already installed skipping redis@* /home/jacques/Workspace/mySites/chezjacking
54 verbose cache add [ 'http@*', null ]
55 verbose cache add name=undefined spec="http@*" args=["http@*",null]
56 verbose parsed url { protocol: null,
56 verbose parsed url   slashes: null,
56 verbose parsed url   auth: null,
56 verbose parsed url   host: null,
56 verbose parsed url   port: null,
56 verbose parsed url   hostname: null,
56 verbose parsed url   hash: null,
56 verbose parsed url   search: null,
56 verbose parsed url   query: null,
56 verbose parsed url   pathname: 'http@*',
56 verbose parsed url   path: 'http@*',
56 verbose parsed url   href: 'http@*' }
57 verbose cache add name="http" spec="*" args=["http","*"]
58 verbose parsed url { protocol: null,
58 verbose parsed url   slashes: null,
58 verbose parsed url   auth: null,
58 verbose parsed url   host: null,
58 verbose parsed url   port: null,
58 verbose parsed url   hostname: null,
58 verbose parsed url   hash: null,
58 verbose parsed url   search: null,
58 verbose parsed url   query: null,
58 verbose parsed url   pathname: '*',
58 verbose parsed url   path: '*',
58 verbose parsed url   href: '*' }
59 verbose addNamed [ 'http', '*' ]
60 verbose addNamed [ null, '' ]
61 silly lockFile 67b29158-http http@*
62 verbose lock http@* /home/jacques/.npm/67b29158-http.lock
63 silly addNameRange { name: 'https', range: '', hasData: false }
64 silly addNameRange { name: 'http', range: '', hasData: false }
65 verbose url raw https
66 verbose url resolving [ 'https://registry.npmjs.org/', './https' ]
67 verbose url resolved https://registry.npmjs.org/https
68 info trying registry request attempt 1 at 19:55:38
69 http GET https://registry.npmjs.org/https
70 verbose url raw http
71 verbose url resolving [ 'https://registry.npmjs.org/', './http' ]
72 verbose url resolved https://registry.npmjs.org/http
73 info trying registry request attempt 1 at 19:55:38
74 http GET https://registry.npmjs.org/http
75 http 404 https://registry.npmjs.org/https
76 silly registry.get cb [ 404,
76 silly registry.get   { server: 'CouchDB/1.3.1 (Erlang OTP/R15B03)',
76 silly registry.get     date: 'Tue, 01 Oct 2013 17:55:39 GMT',
76 silly registry.get     'content-type': 'application/json',
76 silly registry.get     'content-length': '52',
76 silly registry.get     'cache-control': 'must-revalidate' } ]
77 silly lockFile 24e5113e-https https@*
78 silly lockFile 24e5113e-https https@*
79 error 404 'https' is not in the npm registry.
79 error 404 You should bug the author to publish it
79 error 404
79 error 404 Note that you can also install from a
79 error 404 tarball, folder, or http url, or git url.
80 error System Linux 3.5.0-40-generic
81 error command "/home/jacques/.nvm/v0.10.12/bin/node" "/home/jacques/.nvm/v0.10.12/bin/npm" "install"
82 error cwd /home/jacques/Workspace/mySites/chezjacking
83 error node -v v0.10.12
84 error npm -v 1.2.32
85 error code E404
86 verbose exit [ 1, true ]
